[H[2J[3J[1;36m[Precompilation][0m done
In file included from [01m[Ksources/Ecs/Signature.impl.hpp:2[m[K,
                 from [01m[Ksources/Ecs/Signature.hpp:171[m[K,
                 from [01m[Ksources/Ecs/Entity/Entity.hpp:12[m[K,
                 from [01m[Ksources/Ecs/Entity/ConstReference.hpp:3[m[K,
                 from [01m[Ksources/Ecs/Entity/ConstReference.cpp:2[m[K:
[01m[Ksources/Ecs/Detail/Signature.hpp:55:5:[m[K [01;31m[Kerror: [m[Kâ€˜[01m[Kxrn::ecs::detail::signature::EntityConceptType[m[Kâ€™ has not been declared
   55 |     [01;31m[K::[m[Kxrn::ecs::detail::signature::EntityConceptType EntityType,
      |     [01;31m[K^~[m[K
[01m[Ksources/Ecs/Detail/Signature.hpp:58:5:[m[K [01;31m[Kerror: [m[Kâ€˜[01m[KEntityType[m[Kâ€™ was not declared in this scope
   58 |     [01;31m[KEntityType[m[K,
      |     [01;31m[K^~~~~~~~~~[m[K
[01m[Ksources/Ecs/Detail/Signature.hpp:60:1:[m[K [01;31m[Kerror: [m[Ktemplate argument 1 is invalid
   60 | [01;31m[K>[m[K {
      | [01;31m[K^[m[K
[01m[Ksources/Ecs/Detail/Signature.hpp:73:5:[m[K [01;31m[Kerror: [m[Kâ€˜[01m[Kxrn::ecs::detail::signature::TimeConceptType[m[Kâ€™ has not been declared
   73 |     [01;31m[K::[m[Kxrn::ecs::detail::signature::TimeConceptType TimeType,
      |     [01;31m[K^~[m[K
[01m[Ksources/Ecs/Detail/Signature.hpp:76:5:[m[K [01;31m[Kerror: [m[Kâ€˜[01m[KTimeType[m[Kâ€™ was not declared in this scope
   76 |     [01;31m[KTimeType[m[K,
      |     [01;31m[K^~~~~~~~[m[K
[01m[Ksources/Ecs/Detail/Signature.hpp:78:1:[m[K [01;31m[Kerror: [m[Ktemplate argument 1 is invalid
   78 | [01;31m[K>[m[K {
      | [01;31m[K^[m[K
[01m[Ksources/Ecs/Detail/Signature.hpp:91:5:[m[K [01;31m[Kerror: [m[Kâ€˜[01m[Kxrn::ecs::detail::signature::TimeConceptType[m[Kâ€™ has not been declared
   91 |     [01;31m[K::[m[Kxrn::ecs::detail::signature::TimeConceptType TimeType,
      |     [01;31m[K^~[m[K
[01m[Ksources/Ecs/Detail/Signature.hpp:92:5:[m[K [01;31m[Kerror: [m[Kâ€˜[01m[Kxrn::ecs::detail::signature::EntityConceptType[m[Kâ€™ has not been declared
   92 |     [01;31m[K::[m[Kxrn::ecs::detail::signature::EntityConceptType EntityType,
      |     [01;31m[K^~[m[K
[01m[Ksources/Ecs/Detail/Signature.hpp:95:5:[m[K [01;31m[Kerror: [m[Kâ€˜[01m[KTimeType[m[Kâ€™ was not declared in this scope
   95 |     [01;31m[KTimeType[m[K,
      |     [01;31m[K^~~~~~~~[m[K
[01m[Ksources/Ecs/Detail/Signature.hpp:96:5:[m[K [01;31m[Kerror: [m[Kâ€˜[01m[KEntityType[m[Kâ€™ was not declared in this scope
   96 |     [01;31m[KEntityType[m[K,
      |     [01;31m[K^~~~~~~~~~[m[K
compilation terminated due to -fmax-errors=10.
make: *** [Makefile:363: .build/release/objects/sources/Ecs/Entity/ConstReference.o] Error 1
make: *** Waiting for unfinished jobs....
In file included from [01m[Ksources/Ecs/Signature.impl.hpp:2[m[K,
                 from [01m[Ksources/Ecs/Signature.hpp:171[m[K,
                 from [01m[Ksources/Ecs/Entity/Entity.hpp:12[m[K,
                 from [01m[Ksources/Ecs/Entity.hpp:3[m[K,
                 from [01m[Ksources/Ecs/Entity/Reference.hpp:3[m[K,
                 from [01m[Ksources/Ecs/Entity/Reference.cpp:2[m[K:
[01m[Ksources/Ecs/Detail/Signature.hpp:55:5:[m[K [01;31m[Kerror: [m[Kâ€˜[01m[Kxrn::ecs::detail::signature::EntityConceptType[m[Kâ€™ has not been declared
   55 |     [01;31m[K::[m[Kxrn::ecs::detail::signature::EntityConceptType EntityType,
      |     [01;31m[K^~[m[K
[01m[Ksources/Ecs/Detail/Signature.hpp:58:5:[m[K [01;31m[Kerror: [m[Kâ€˜[01m[KEntityType[m[Kâ€™ was not declared in this scope
   58 |     [01;31m[KEntityType[m[K,
      |     [01;31m[K^~~~~~~~~~[m[K
[01m[Ksources/Ecs/Detail/Signature.hpp:60:1:[m[K [01;31m[Kerror: [m[Ktemplate argument 1 is invalid
   60 | [01;31m[K>[m[K {
      | [01;31m[K^[m[K
[01m[Ksources/Ecs/Detail/Signature.hpp:73:5:[m[K [01;31m[Kerror: [m[Kâ€˜[01m[Kxrn::ecs::detail::signature::TimeConceptType[m[Kâ€™ has not been declared
   73 |     [01;31m[K::[m[Kxrn::ecs::detail::signature::TimeConceptType TimeType,
      |     [01;31m[K^~[m[K
[01m[Ksources/Ecs/Detail/Signature.hpp:76:5:[m[K [01;31m[Kerror: [m[Kâ€˜[01m[KTimeType[m[Kâ€™ was not declared in this scope
   76 |     [01;31m[KTimeType[m[K,
      |     [01;31m[K^~~~~~~~[m[K
[01m[Ksources/Ecs/Detail/Signature.hpp:78:1:[m[K [01;31m[Kerror: [m[Ktemplate argument 1 is invalid
   78 | [01;31m[K>[m[K {
      | [01;31m[K^[m[K
[01m[Ksources/Ecs/Detail/Signature.hpp:91:5:[m[K [01;31m[Kerror: [m[Kâ€˜[01m[Kxrn::ecs::detail::signature::TimeConceptType[m[Kâ€™ has not been declared
   91 |     [01;31m[K::[m[Kxrn::ecs::detail::signature::TimeConceptType TimeType,
      |     [01;31m[K^~[m[K
[01m[Ksources/Ecs/Detail/Signature.hpp:92:5:[m[K [01;31m[Kerror: [m[Kâ€˜[01m[Kxrn::ecs::detail::signature::EntityConceptType[m[Kâ€™ has not been declared
   92 |     [01;31m[K::[m[Kxrn::ecs::detail::signature::EntityConceptType EntityType,
      |     [01;31m[K^~[m[K
[01m[Ksources/Ecs/Detail/Signature.hpp:95:5:[m[K [01;31m[Kerror: [m[Kâ€˜[01m[KTimeType[m[Kâ€™ was not declared in this scope
   95 |     [01;31m[KTimeType[m[K,
      |     [01;31m[K^~~~~~~~[m[K
[01m[Ksources/Ecs/Detail/Signature.hpp:96:5:[m[K [01;31m[Kerror: [m[Kâ€˜[01m[KEntityType[m[Kâ€™ was not declared in this scope
   96 |     [01;31m[KEntityType[m[K,
      |     [01;31m[K^~~~~~~~~~[m[K
compilation terminated due to -fmax-errors=10.
In file included from [01m[Ksources/Ecs/Signature.impl.hpp:2[m[K,
                 from [01m[Ksources/Ecs/Signature.hpp:171[m[K,
                 from [01m[Ksources/Ecs/Entity/Entity.hpp:12[m[K,
                 from [01m[Ksources/Ecs/Entity.hpp:3[m[K,
                 from [01m[Ksources/Ecs/Entity/Reference.hpp:3[m[K,
                 from [01m[Ksources/Ecs/Entity/Reference.cpp:2[m[K:
[01m[Ksources/Ecs/Detail/Signature.hpp:55:5:[m[K [01;31m[Kerror: [m[Kâ€˜[01m[Kxrn::ecs::detail::signature::EntityConceptType[m[Kâ€™ has not been declared
   55 |     [01;31m[K::[m[Kxrn::ecs::detail::signature::EntityConceptType EntityType,
      |     [01;31m[K^~[m[K
[01m[Ksources/Ecs/Detail/Signature.hpp:58:5:[m[K [01;31m[Kerror: [m[Kâ€˜[01m[KEntityType[m[Kâ€™ was not declared in this scope
   58 |     [01;31m[KEntityType[m[K,
      |     [01;31m[K^~~~~~~~~~[m[K
[01m[Ksources/Ecs/Detail/Signature.hpp:60:1:[m[K [01;31m[Kerror: [m[Ktemplate argument 1 is invalid
   60 | [01;31m[K>[m[K {
      | [01;31m[K^[m[K
[01m[Ksources/Ecs/Detail/Signature.hpp:73:5:[m[K [01;31m[Kerror: [m[Kâ€˜[01m[Kxrn::ecs::detail::signature::TimeConceptType[m[Kâ€™ has not been declared
   73 |     [01;31m[K::[m[Kxrn::ecs::detail::signature::TimeConceptType TimeType,
      |     [01;31m[K^~[m[K
[01m[Ksources/Ecs/Detail/Signature.hpp:76:5:[m[K [01;31m[Kerror: [m[Kâ€˜[01m[KTimeType[m[Kâ€™ was not declared in this scope
   76 |     [01;31m[KTimeType[m[K,
      |     [01;31m[K^~~~~~~~[m[K
[01m[Ksources/Ecs/Detail/Signature.hpp:78:1:[m[K [01;31m[Kerror: [m[Ktemplate argument 1 is invalid
   78 | [01;31m[K>[m[K {
      | [01;31m[K^[m[K
[01m[Ksources/Ecs/Detail/Signature.hpp:91:5:[m[K [01;31m[Kerror: [m[Kâ€˜[01m[Kxrn::ecs::detail::signature::TimeConceptType[m[Kâ€™ has not been declared
   91 |     [01;31m[K::[m[Kxrn::ecs::detail::signature::TimeConceptType TimeType,
      |     [01;31m[K^~[m[K
[01m[Ksources/Ecs/Detail/Signature.hpp:92:5:[m[K [01;31m[Kerror: [m[Kâ€˜[01m[Kxrn::ecs::detail::signature::EntityConceptType[m[Kâ€™ has not been declared
   92 |     [01;31m[K::[m[Kxrn::ecs::detail::signature::EntityConceptType EntityType,
      |     [01;31m[K^~[m[K
[01m[Ksources/Ecs/Detail/Signature.hpp:95:5:[m[K [01;31m[Kerror: [m[Kâ€˜[01m[KTimeType[m[Kâ€™ was not declared in this scope
   95 |     [01;31m[KTimeType[m[K,
      |     [01;31m[K^~~~~~~~[m[K
[01m[Ksources/Ecs/Detail/Signature.hpp:96:5:[m[K [01;31m[Kerror: [m[Kâ€˜[01m[KEntityType[m[Kâ€™ was not declared in this scope
   96 |     [01;31m[KEntityType[m[K,
      |     [01;31m[K^~~~~~~~~~[m[K
compilation terminated due to -fmax-errors=10.
make: *** [Makefile:363: .build/release/objects/sources/Ecs/Entity/Reference.o] Error 1
make: *** [Makefile:363: .build/release/objects/sources/Ecs/Entity/Container.o] Error 1
In file included from [01m[Ksources/Ecs/Signature.impl.hpp:2[m[K,
                 from [01m[Ksources/Ecs/Signature.hpp:171[m[K,
                 from [01m[Ksources/Ecs/System/System.hpp:3[m[K,
                 from [01m[Ksources/Ecs/System.hpp:3[m[K,
                 from [01m[Ksources/Ecs/System/Container.hpp:4[m[K,
                 from [01m[Ksources/Ecs/System/Container.cpp:2[m[K:
[01m[Ksources/Ecs/Detail/Signature.hpp:55:5:[m[K [01;31m[Kerror: [m[Kâ[01m[Ksources/Ecs/Detail/Signature.hpp:58:5:[m[K [01;31m[Kerror: [m[Kâ€˜[01m[KEntityType[m[Kâ€™ was not declared in this scope
   58 |     [01;31m[KEntityType[m[K,
      |     [01;31m[K^~~~~~~[01m[Ksources/Ecs/Detail/Signature.hpp:58:5:[m[K [01;31m[Kerror: [m[Kâ€˜[01m[KEntityType[m[Kâ€™ was not declared in this scope
   58 |     [01;31m[KEntityType[m[K,
      |     [01;31m[K^~~~~~~~~~[m[K
[01m[Ksources/Ecs/Detail/Signature.hpp:60:1:[m[K [01;31m[Kerror: [m[Ktemplate argument 1 is invalid
   60 | [01;31m[K>[m[K {
      | [01;31m[K^[m[K
[01m[Ksources/Ecs/Detail/Signature.hpp:73:5:[m[K [01;31m[Kerror: [01m[Ksources/Ecs/Detail/Signature.hpp:76:5:[m[K [01;31m[Kerror: [m[Kâ€˜[01m[KTimeType[m[Kâ€™ was not declared in this scope
   76 |     [01;31m[KTimeType[m[K,
      |     [01;31m[K^~~~~~~~[m[01m[Ksources/Ecs/Detail/Signature.hpp:76:5:[m[K [01;31m[Kerror: [m[Kâ€˜[01m[KTimeType[m[Kâ€™ was not declared in this scope
   76 |     [01;31m[KTimeType[m[K,
      |     [01;31m[K^~~~~~~~[m[K
[01m[Ksources/Ecs/Detail/Signature.hpp:78:1:[m[K [01;31m[Kerror: [m[Ktemplate argument 1 is invalid
   78 | [01;31m[K>[m[K {
      | [01;31m[K^[m[K
[01m[Ksources/Ecs/Detail/Signature.hpp:91:5:[m[K [01;31m[Kerror: [m[Kâ€˜[01m[Kxrn::ecs::detail::signature::TimeConceptType[m[Kâ€™ has not been declared
   91 |     [01;31m[K::[m[Kxrn::ecs::detail::signature::TimeConceptType TimeType,
      |     [01;31m[K^~[m[K
[01m[Ksources/Ecs/Detail/Signature.hpp:92:5:[m[K [01;31m[Kerror: [m[Kâ[01m[Ksources/Ecs/Detail/Signature.hpp:95:5:[m[K [01;31m[Kerror: [m[Kâ€˜[01m[KTimeType[m[Kâ€™ was not declared in this scope
   95 |     [01;31m[KTimeType[m[K,
      |     [01;31m[K^~~~~~~~[m[01[01m[Ksources/Ecs/Detail/Signature.hpp:96:5:[m[K [01;31m[Kerror: [m[Kâ€˜[01m[KEntityType[m[Kâ€™ was not declared in this scope
   96 |     [01;31m[KEntityType[m[K,
      |     [01;31m[K^~~~~~~[01m[Ksources/Ecs/Detail/Signature.hpp:96:5:[m[K [01;31m[Kerror: [m[Kâ€˜[01m[KEntityType[m[Kâ€™ was not declared in this scope
   96 |     [01;31m[KEntityType[m[K,
      |     [01;31m[K^~~~~~~~~~[m[K
compilation terminated due to -fmax-errors=10.

In file included from [01m[Ksources/Ecs/Signature.impl.hpp:2[m[K,
                 from [01m[Ksources/Ecs/Signature.hpp:171[m[K,
                 from [01m[Ksources/Ecs/System/System.hpp:3[m[K,
                 from [01m[Ksources/Ecs/System.hpp:3[m[K,
                 from [01m[Ksources/Ecs/System/Container.hpp:4[m[K,
                 from [01m[Ksources/Ecs/System/Container.cpp:2[m[K:
[01m[Ksources/Ecs/Detail/Signature.hpp:55:5:[m[K [01;31m[Kerror: [m[Kâ[01m[Ksources/Ecs/Detail/Signature.hpp:58:5:[m[K [01;31m[Kerror: [m[Kâ€˜[01m[KEntityType[m[Kâ€™ was not declared in this scope
   58 |     [01;31m[KEntityType[m[K,
      |     [01;31m[K^~~~~~~[01m[Ksources/Ecs/Detail/Signature.hpp:58:5:[m[K [01;31m[Kerror: [m[Kâ€˜[01m[KEntityType[m[Kâ€™ was not declared in this scope
   58 |     [01;31m[KEntityType[m[K,
      |     [01;31m[K^~~~~~~~~~[m[K
[01m[Ksources/Ecs/Detail/Signature.hpp:60:1:[m[K [01;31m[Kerror: [m[Ktemplate argument 1 is invalid
   60 | [01;31m[K>[m[K {
      | [01;31m[K^[m[K
[01m[Ksources/Ecs/Detail/Signature.hpp:73:5:[m[K [01;31m[Kerror: [01m[Ksources/Ecs/Detail/Signature.hpp:76:5:[m[K [01;31m[Kerror: [m[Kâ€˜[01m[KTimeType[m[Kâ€™ was not declared in this scope
   76 |     [01;31m[KTimeType[m[K,
      |     [01;31m[K^~~~~~~~[m[01m[Ksources/Ecs/Detail/Signature.hpp:76:5:[m[K [01;31m[Kerror: [m[Kâ€˜[01m[KTimeType[m[Kâ€™ was not declared in this scope
   76 |     [01;31m[KTimeType[m[K,
      |     [01;31m[K^~~~~~~~[m[K
[01m[Ksources/Ecs/Detail/Signature.hpp:78:1:[m[K [01;31m[Kerror: [m[Ktemplate argument 1 is invalid
   78 | [01;31m[K>[m[K {
      | [01;31m[K^[m[K
[01m[Ksources/Ecs/Detail/Signature.hpp:91:5:[m[K [01;31m[Kerror: [m[Kâ€˜[01m[Kxrn::ecs::detail::signature::TimeConceptType[m[Kâ€™ has not been declared
   91 |     [01;31m[K::[m[Kxrn::ecs::detail::signature::TimeConceptType TimeType,
      |     [01;31m[K^~[m[K
[01m[Ksources/Ecs/Detail/Signature.hpp:92:5:[m[K [01;31m[Kerror: [m[Kâ[01m[Ksources/Ecs/Detail/Signature.hpp:95:5:[m[K [01;31m[Kerror: [m[Kâ€˜[01m[KTimeType[m[Kâ€™ was not declared in this scope
   95 |     [01;31m[KTimeType[m[K,
      |     [01;31m[K^~~~~~~~[m[01[01m[Ksources/Ecs/Detail/Signature.hpp:96:5:[m[K [01;31m[Kerror: [m[Kâ€˜[01m[KEntityType[m[Kâ€™ was not declared in this scope
   96 |     [01;31m[KEntityType[m[K,
      |     [01;31m[K^~~~~~~[01m[Ksources/Ecs/Detail/Signature.hpp:96:5:[m[K [01;31m[Kerror: [m[Kâ€˜[01m[KEntityType[m[Kâ€™ was not declared in this scope
   96 |     [01;31m[KEntityType[m[K,
      |     [01;31m[K^~~~~~~~~~[m[K
compilation terminated due to -fmax-errors=10.

make: *** [Makefile:363: .build/release/objects/sources/Ecs/Signature.o] Error 1
make: *** [Makefile:363: .build/release/objects/sources/Ecs/System/Container.o] Error 1
In file included from [01m[Ksources/Ecs/Signature.impl.hpp:2[m[K,
                 from [01m[Ksources/Ecs/Signature.hpp:171[m[K,
                 from [01m[Ksources/Ecs/Entity/Entity.hpp:12[m[K,
                 from [01m[Ksources/Ecs/Entity.hpp:3[m[K,
                 from [01m[Ksources/Ecs/Entity/Container.hpp:6[m[K,
                 from [01m[Ksources/Ecs/System/ASystem.hpp:4[m[K,
                 from [01m[Ksources/Ecs/System/ASystem.cpp:2[m[K:
[01m[Ksources/Ecs/Detail/Signature.hpp:55:5:[m[K [01;31m[Kerror: [m[Kâ€˜[0[01m[Ksources/Ecs/Detail/Signature.hpp:58:5:[m[K [01;31m[Kerror: [m[Kâ€˜[01m[KEntityType[m[Kâ€™ was not declared in this scope
   58 |     [01;31m[KEntityType[m[K,
      |     [01;31m[K^~[01m[Ksources[01m[Ksources/Ecs/Detail/Signature.hpp:60:1:[m[K [01;31m[Kerror: [m[Ktemplate argument 1 is invalid
   60 | [01;31m[K>[m[K {
      | [01;31m[K^[m[K
[01m[Ksources/Ecs/Detail/Signature.hpp:73:5:[m[K [01;31m[Kerror: [m[Kâ€˜[01m[Kxrn::ecs::detail::signature::TimeConceptType[m[Kâ€™ has not been declared
   73 |     [01;31m[K::[m[Kxrn::ecs::[01m[Ksources/Ecs/Detail/Signature.hpp:73:5:[m[K [01;31m[Kerror: [m[K[01m[Ksources/Ecs/Detail/Signature.hpp:76:5:[m[K [01;31m[Kerror: [m[Kâ€˜[01m[KTimeType[m[Kâ€™ was not declared in this scope
   76 |     [01;31m[KTimeType[m[K,
      |     [01;31m[K^~~~~~~~[m[K
[01m[Ksources/Ecs/Detail/Signature.hpp:78:1:[m[K [01;31m[Kerror: [m[Ktemplate argument 1 is invalid
   78 | [01;31m[K>[m[K {
      | [01;31m[K^[m[K
[01m[Ksources/Ecs/Detail/Signature.hpp:91:5:[m[K [01;31m[Kerror: [m[Kâ€˜[01m[Kxrn::ecs::detail::signature::TimeConceptType[m[Kâ€™ has not been declared
   91 |     [01;31m[K::[m[Kxrn::ecs::detail::signature::TimeConceptType TimeType,
      |     [01;31m[K^~[m[K
[01m[Ksources/Ecs/Detail/Signature.hpp:92:5:[m[K [01;31m[Kerror: [m[Kâ€˜[01m[Kxrn::ecs::detail::signature::EntityConceptType[m[Kâ€™ has not been declared
   92 |     [01;31m[K::[m[Kxrn::ecs[01m[Ksources/Ecs/Detail/Signature.hpp:92:5:[m[K [01;31m[Kerror: [m[Kâ€˜[0[01m[Ksources/Ecs/Detail/Signature.hpp:95:5:[m[K [01;31m[Kerror: [m[Kâ€˜[01m[KTimeType[m[Kâ€™ was not declared in this scope
   95 |     [01;31m[KTimeType[m[K,
      |     [01;31m[K^~~~~~[01m[Ks[01m[Ksources/Ecs/Detail/Signature.hpp:96:5:[m[K [01;31m[Kerror: [m[Kâ€˜[01m[KEntityType[m[Kâ€™ was not declared in this scope
   96 |     [01;31m[KEntityType[m[K,
      |     [01;31m[K^~[01m[Ksources/Ecs/Detail/Signature.hpp:96:5:[m[K [01;31m[Kerror: [m[Kâ€˜[01m[KEntityType[m[Kâ€™ was not declared in this scope
   96 |     [01;31m[KEntityType[m[K,
      |     [01;31m[K^~~~~~~~~~[m[K
compilation terminated due to -fmax-errors=10.
In file included from [01m[Ksources/Ecs/Signature.impl.hpp:2[m[K,
                 from [01m[Ksources/Ecs/Signature.hpp:171[m[K,
                 from [01m[Ksources/Ecs/Entity/Entity.hpp:12[m[K,
                 from [01m[Ksources/Ecs/Entity.hpp:3[m[K,
                 from [01m[Ksources/Ecs/Entity/Container.hpp:6[m[K,
                 from [01m[Ksources/Ecs/System/ASystem.hpp:4[m[K,
                 from [01m[Ksources/Ecs/System/ASystem.cpp:2[m[K:
[01m[Ksources/Ecs/Detail/Signature.hpp:55:5:[m[K [01;31m[Kerror: [m[Kâ€˜[0[01m[Ksources/Ecs/Detail/Signature.hpp:58:5:[m[K [01;31m[Kerror: [m[Kâ€˜[01m[KEntityType[m[Kâ€™ was not declared in this scope
   58 |     [01;31m[KEntityType[m[K,
      |     [01;31m[K^~[01m[Ksources[01m[Ksources/Ecs/Detail/Signature.hpp:60:1:[m[K [01;31m[Kerror: [m[Ktemplate argument 1 is invalid
   60 | [01;31m[K>[m[K {
      | [01;31m[K^[m[K
[01m[Ksources/Ecs/Detail/Signature.hpp:73:5:[m[K [01;31m[Kerror: [m[Kâ€˜[01m[Kxrn::ecs::detail::signature::TimeConceptType[m[Kâ€™ has not been declared
   73 |     [01;31m[K::[m[Kxrn::ecs::[01m[Ksources/Ecs/Detail/Signature.hpp:73:5:[m[K [01;31m[Kerror: [m[K[01m[Ksources/Ecs/Detail/Signature.hpp:76:5:[m[K [01;31m[Kerror: [m[Kâ€˜[01m[KTimeType[m[Kâ€™ was not declared in this scope
   76 |     [01;31m[KTimeType[m[K,
      |     [01;31m[K^~~~~~~~[m[K
[01m[Ksources/Ecs/Detail/Signature.hpp:78:1:[m[K [01;31m[Kerror: [m[Ktemplate argument 1 is invalid
   78 | [01;31m[K>[m[K {
      | [01;31m[K^[m[K
[01m[Ksources/Ecs/Detail/Signature.hpp:91:5:[m[K [01;31m[Kerror: [m[Kâ€˜[01m[Kxrn::ecs::detail::signature::TimeConceptType[m[Kâ€™ has not been declared
   91 |     [01;31m[K::[m[Kxrn::ecs::detail::signature::TimeConceptType TimeType,
      |     [01;31m[K^~[m[K
[01m[Ksources/Ecs/Detail/Signature.hpp:92:5:[m[K [01;31m[Kerror: [m[Kâ€˜[01m[Kxrn::ecs::detail::signature::EntityConceptType[m[Kâ€™ has not been declared
   92 |     [01;31m[K::[m[Kxrn::ecs[01m[Ksources/Ecs/Detail/Signature.hpp:92:5:[m[K [01;31m[Kerror: [m[Kâ€˜[0[01m[Ksources/Ecs/Detail/Signature.hpp:95:5:[m[K [01;31m[Kerror: [m[Kâ€˜[01m[KTimeType[m[Kâ€™ was not declared in this scope
   95 |     [01;31m[KTimeType[m[K,
      |     [01;31m[K^~~~~~[01m[Ks[01m[Ksources/Ecs/Detail/Signature.hpp:96:5:[m[K [01;31m[Kerror: [m[Kâ€˜[01m[KEntityType[m[Kâ€™ was not declared in this scope
   96 |     [01;31m[KEntityType[m[K,
      |     [01;31m[K^~[01m[Ksources/Ecs/Detail/Signature.hpp:96:5:[m[K [01;31m[Kerror: [m[Kâ€˜[01m[KEntityType[m[Kâ€™ was not declared in this scope
   96 |     [01;31m[KEntityType[m[K,
      |     [01;31m[K^~~~~~~~~~[m[K
compilation terminated due to -fmax-errors=10.
make: *** [Makefile:363: .build/release/objects/sources/Ecs/Entity/Entity.o] Error 1
make: *** [Makefile:363: .build/release/objects/sources/Ecs/System/ASystem.o] Error 1
